q4.c normall output
    No output

q4.c output with valgrind
    ==2843== Memcheck, a memory error detector
    ==2843== Copyright (C) 2002-2017, and GNU GPL'd, by Julian Seward et al.
    ==2843== Using Valgrind-3.18.1 and LibVEX; rerun with -h for copyright info
    ==2843== Command: ./q4
    ==2843==
    ==2843==
    ==2843== HEAP SUMMARY:
    ==2843==     in use at exit: 8 bytes in 1 blocks
    ==2843==   total heap usage: 1 allocs, 0 frees, 8 bytes allocated
    ==2843==
    ==2843== 8 bytes in 1 blocks are definitely lost in loss record 1 of 1
    ==2843==    at 0x4848899: malloc (in /usr/libexec/valgrind/vgpreload_memcheck-amd64-linux.so)
    ==2843==    by 0x10915E: main (q4.c:8)
    ==2843==
    ==2843== LEAK SUMMARY:
    ==2843==    definitely lost: 8 bytes in 1 blocks
    ==2843==    indirectly lost: 0 bytes in 0 blocks
    ==2843==      possibly lost: 0 bytes in 0 blocks
    ==2843==    still reachable: 0 bytes in 0 blocks
    ==2843==         suppressed: 0 bytes in 0 blocks
    ==2843==
    ==2843== For lists of detected and suppressed errors, rerun with: -s
    ==2843== ERROR SUMMARY: 1 errors from 1 contexts (suppressed: 0 from 0)

q5.c normall output
    No output

q5.c output with valgrind
    ==2967== Memcheck, a memory error detector
    ==2967== Copyright (C) 2002-2017, and GNU GPL'd, by Julian Seward et al.
    ==2967== Using Valgrind-3.18.1 and LibVEX; rerun with -h for copyright info
    ==2967== Command: ./q5
    ==2967==
    ==2967== Invalid write of size 4
    ==2967==    at 0x10916D: main (in /home/lian/Desktop/cs149/WS12/q5)
    ==2967==  Address 0x4a971d0 is 0 bytes after a block of size 400 alloc'd
    ==2967==    at 0x4848899: malloc (in /usr/libexec/valgrind/vgpreload_memcheck-amd64-linux.so)
    ==2967==    by 0x10915E: main (in /home/lian/Desktop/cs149/WS12/q5)
    ==2967==
    ==2967==
    ==2967== HEAP SUMMARY:
    ==2967==     in use at exit: 400 bytes in 1 blocks
    ==2967==   total heap usage: 1 allocs, 0 frees, 400 bytes allocated
    ==2967==
    ==2967== 400 bytes in 1 blocks are definitely lost in loss record 1 of 1
    ==2967==    at 0x4848899: malloc (in /usr/libexec/valgrind/vgpreload_memcheck-amd64-linux.so)
    ==2967==    by 0x10915E: main (in /home/lian/Desktop/cs149/WS12/q5)
    ==2967==
    ==2967== LEAK SUMMARY:
    ==2967==    definitely lost: 400 bytes in 1 blocks
    ==2967==    indirectly lost: 0 bytes in 0 blocks
    ==2967==      possibly lost: 0 bytes in 0 blocks
    ==2967==    still reachable: 0 bytes in 0 blocks
    ==2967==         suppressed: 0 bytes in 0 blocks
    ==2967==
    ==2967== For lists of detected and suppressed errors, rerun with: -s
    ==2967== ERROR SUMMARY: 2 errors from 2 contexts (suppressed: 0 from 0)

q6.c normall output
    0

q6.c output with valgrind
    ==2969== Memcheck, a memory error detector
    ==2969== Copyright (C) 2002-2017, and GNU GPL'd, by Julian Seward et al.
    ==2969== Using Valgrind-3.18.1 and LibVEX; rerun with -h for copyright info
    ==2969== Command: ./q6
    ==2969==
    ==2969== Invalid read of size 4
    ==2969==    at 0x1091B7: main (in /home/lian/Desktop/cs149/WS12/q6)
    ==2969==  Address 0x4a97090 is 80 bytes inside a block of size 400 free'd
    ==2969==    at 0x484B27F: free (in /usr/libexec/valgrind/vgpreload_memcheck-amd64-linux.so)
    ==2969==    by 0x1091AE: main (in /home/lian/Desktop/cs149/WS12/q6)
    ==2969==  Block was alloc'd at
    ==2969==    at 0x4848899: malloc (in /usr/libexec/valgrind/vgpreload_memcheck-amd64-linux.so)
    ==2969==    by 0x10919E: main (in /home/lian/Desktop/cs149/WS12/q6)
    ==2969==
    0
    ==2969==
    ==2969== HEAP SUMMARY:
    ==2969==     in use at exit: 0 bytes in 0 blocks
    ==2969==   total heap usage: 2 allocs, 2 frees, 1,424 bytes allocated
    ==2969==
    ==2969== All heap blocks were freed -- no leaks are possible
    ==2969==
    ==2969== For lists of detected and suppressed errors, rerun with: -s
    ==2969== ERROR SUMMARY: 1 errors from 1 contexts (suppressed: 0 from 0)
